<?xml version="1.0" encoding="UTF-8"?>
<testng-results ignored="0" total="2" passed="1" failed="1" skipped="0">
  <reporter-output>
  </reporter-output>
  <suite started-at="2023-10-01T18:03:08 IST" name="Default suite" finished-at="2023-10-01T18:03:44 IST" duration-ms="35963">
    <groups>
      <group name="SmokeTest">
        <method signature="SmokeTest.errorLoginPage()[pri:0, instance:TimeTracking.ActiTimeImplementaion.SmokeTest@16a0ee18]" name="errorLoginPage" class="TimeTracking.ActiTimeImplementaion.SmokeTest"/>
        <method signature="SmokeTest.timeTrackNavigation()[pri:0, instance:TimeTracking.ActiTimeImplementaion.SmokeTest@16a0ee18]" name="timeTrackNavigation" class="TimeTracking.ActiTimeImplementaion.SmokeTest"/>
      </group> <!-- SmokeTest -->
    </groups>
    <test started-at="2023-10-01T18:03:08 IST" name="Default test" finished-at="2023-10-01T18:03:44 IST" duration-ms="35963">
      <class name="TimeTracking.ActiTimeImplementaion.SmokeTest">
        <test-method is-config="true" signature="launchBrowser()[pri:0, instance:TimeTracking.ActiTimeImplementaion.SmokeTest@16a0ee18]" started-at="2023-10-01T18:03:08 IST" name="launchBrowser" finished-at="2023-10-01T18:03:21 IST" duration-ms="12701" status="PASS">
          <reporter-output>
          </reporter-output>
        </test-method> <!-- launchBrowser -->
        <test-method signature="errorLoginPage()[pri:0, instance:TimeTracking.ActiTimeImplementaion.SmokeTest@16a0ee18]" started-at="2023-10-01T18:03:21 IST" name="errorLoginPage" finished-at="2023-10-01T18:03:23 IST" duration-ms="2301" status="PASS">
          <reporter-output>
          </reporter-output>
        </test-method> <!-- errorLoginPage -->
        <test-method is-config="true" signature="closeBrowser()[pri:0, instance:TimeTracking.ActiTimeImplementaion.SmokeTest@16a0ee18]" started-at="2023-10-01T18:03:23 IST" name="closeBrowser" finished-at="2023-10-01T18:03:25 IST" duration-ms="1693" status="PASS">
          <reporter-output>
          </reporter-output>
        </test-method> <!-- closeBrowser -->
        <test-method is-config="true" signature="launchBrowser()[pri:0, instance:TimeTracking.ActiTimeImplementaion.SmokeTest@16a0ee18]" started-at="2023-10-01T18:03:25 IST" name="launchBrowser" finished-at="2023-10-01T18:03:34 IST" duration-ms="8793" status="PASS">
          <reporter-output>
          </reporter-output>
        </test-method> <!-- launchBrowser -->
        <test-method signature="timeTrackNavigation()[pri:0, instance:TimeTracking.ActiTimeImplementaion.SmokeTest@16a0ee18]" started-at="2023-10-01T18:03:34 IST" name="timeTrackNavigation" finished-at="2023-10-01T18:03:43 IST" duration-ms="9763" status="FAIL">
          <exception class="java.lang.IllegalArgumentException">
            <message>
              <![CDATA[Input must be set]]>
            </message>
            <full-stacktrace>
              <![CDATA[java.lang.IllegalArgumentException: Input must be set
at org.openqa.selenium.internal.Require.nonNull(Require.java:60)
at org.openqa.selenium.support.ui.FluentWait.<init>(FluentWait.java:94)
at org.openqa.selenium.support.ui.WebDriverWait.<init>(WebDriverWait.java:74)
at org.openqa.selenium.support.ui.WebDriverWait.<init>(WebDriverWait.java:43)
at ActiTime.AbstractComponents.AbstractComponent.waitforWElementToAppear(AbstractComponent.java:35)
at pom.ActiTimeEnterTimeTrack.verifytitleEnterTimeTrack(ActiTimeEnterTimeTrack.java:50)
at TimeTracking.ActiTimeImplementaion.SmokeTest.timeTrackNavigation(SmokeTest.java:23)
at java.base/jdk.internal.reflect.NativeMethodAccessorImpl.invoke0(Native Method)
at java.base/jdk.internal.reflect.NativeMethodAccessorImpl.invoke(NativeMethodAccessorImpl.java:77)
at java.base/jdk.internal.reflect.DelegatingMethodAccessorImpl.invoke(DelegatingMethodAccessorImpl.java:43)
at java.base/java.lang.reflect.Method.invoke(Method.java:568)
at org.testng.internal.MethodInvocationHelper.invokeMethod(MethodInvocationHelper.java:133)
at org.testng.internal.TestInvoker.invokeMethod(TestInvoker.java:598)
at org.testng.internal.TestInvoker.invokeTestMethod(TestInvoker.java:173)
at org.testng.internal.MethodRunner.runInSequence(MethodRunner.java:46)
at org.testng.internal.TestInvoker$MethodInvocationAgent.invoke(TestInvoker.java:824)
at org.testng.internal.TestInvoker.invokeTestMethods(TestInvoker.java:146)
at org.testng.internal.TestMethodWorker.invokeTestMethods(TestMethodWorker.java:146)
at org.testng.internal.TestMethodWorker.run(TestMethodWorker.java:128)
at java.base/java.util.ArrayList.forEach(ArrayList.java:1511)
at org.testng.TestRunner.privateRun(TestRunner.java:794)
at org.testng.TestRunner.run(TestRunner.java:596)
at org.testng.SuiteRunner.runTest(SuiteRunner.java:377)
at org.testng.SuiteRunner.runSequentially(SuiteRunner.java:371)
at org.testng.SuiteRunner.privateRun(SuiteRunner.java:332)
at org.testng.SuiteRunner.run(SuiteRunner.java:276)
at org.testng.SuiteRunnerWorker.runSuite(SuiteRunnerWorker.java:53)
at org.testng.SuiteRunnerWorker.run(SuiteRunnerWorker.java:96)
at org.testng.TestNG.runSuitesSequentially(TestNG.java:1212)
at org.testng.TestNG.runSuitesLocally(TestNG.java:1134)
at org.testng.TestNG.runSuites(TestNG.java:1063)
at org.testng.TestNG.run(TestNG.java:1031)
at org.testng.remote.AbstractRemoteTestNG.run(AbstractRemoteTestNG.java:115)
at org.testng.remote.RemoteTestNG.initAndRun(RemoteTestNG.java:251)
at org.testng.remote.RemoteTestNG.main(RemoteTestNG.java:77)
]]>
            </full-stacktrace>
          </exception> <!-- java.lang.IllegalArgumentException -->
          <reporter-output>
          </reporter-output>
        </test-method> <!-- timeTrackNavigation -->
        <test-method is-config="true" signature="closeBrowser()[pri:0, instance:TimeTracking.ActiTimeImplementaion.SmokeTest@16a0ee18]" started-at="2023-10-01T18:03:43 IST" name="closeBrowser" finished-at="2023-10-01T18:03:44 IST" duration-ms="671" status="PASS">
          <reporter-output>
          </reporter-output>
        </test-method> <!-- closeBrowser -->
      </class> <!-- TimeTracking.ActiTimeImplementaion.SmokeTest -->
    </test> <!-- Default test -->
  </suite> <!-- Default suite -->
</testng-results>
